2015/08/28 20:37:45 [error] [php] require(/var/www/html/SIKBMSI/app/themes/abound/views/site/index.php): failed to open stream: Permission denied (/var/www/html/SIKBMSI/yii/framework/web/CBaseController.php:126)
Stack trace:
#0 /var/www/html/SIKBMSI/yii/framework/web/CController.php(869): SiteController->renderFile()
#1 /var/www/html/SIKBMSI/yii/framework/web/CController.php(782): SiteController->renderPartial()
#2 /var/www/html/SIKBMSI/app/protected/controllers/SiteController.php(32): SiteController->render()
#3 /var/www/html/SIKBMSI/yii/framework/web/actions/CInlineAction.php(49): SiteController->actionIndex()
#4 /var/www/html/SIKBMSI/yii/framework/web/CController.php(308): CInlineAction->runWithParams()
#5 /var/www/html/SIKBMSI/yii/framework/web/CController.php(286): SiteController->runAction()
#6 /var/www/html/SIKBMSI/yii/framework/web/CController.php(265): SiteController->runActionWithFilters()
#7 /var/www/html/SIKBMSI/yii/framework/web/CWebApplication.php(282): SiteController->run()
#8 /var/www/html/SIKBMSI/yii/framework/web/CWebApplication.php(141): CWebApplication->runController()
#9 /var/www/html/SIKBMSI/yii/framework/base/CApplication.php(184): CWebApplication->processRequest()
#10 /var/www/html/SIKBMSI/app/index.php(13): CWebApplication->run()
REQUEST_URI=/SIKBMSI/app/index.php
in /var/www/html/SIKBMSI/app/protected/controllers/SiteController.php (32)
in /var/www/html/SIKBMSI/app/index.php (13)
2015/08/28 20:37:48 [error] [php] require(/var/www/html/SIKBMSI/app/themes/abound/views/site/index.php): failed to open stream: Permission denied (/var/www/html/SIKBMSI/yii/framework/web/CBaseController.php:126)
Stack trace:
#0 /var/www/html/SIKBMSI/yii/framework/web/CController.php(869): SiteController->renderFile()
#1 /var/www/html/SIKBMSI/yii/framework/web/CController.php(782): SiteController->renderPartial()
#2 /var/www/html/SIKBMSI/app/protected/controllers/SiteController.php(32): SiteController->render()
#3 /var/www/html/SIKBMSI/yii/framework/web/actions/CInlineAction.php(49): SiteController->actionIndex()
#4 /var/www/html/SIKBMSI/yii/framework/web/CController.php(308): CInlineAction->runWithParams()
#5 /var/www/html/SIKBMSI/yii/framework/web/CController.php(286): SiteController->runAction()
#6 /var/www/html/SIKBMSI/yii/framework/web/CController.php(265): SiteController->runActionWithFilters()
#7 /var/www/html/SIKBMSI/yii/framework/web/CWebApplication.php(282): SiteController->run()
#8 /var/www/html/SIKBMSI/yii/framework/web/CWebApplication.php(141): CWebApplication->runController()
#9 /var/www/html/SIKBMSI/yii/framework/base/CApplication.php(184): CWebApplication->processRequest()
#10 /var/www/html/SIKBMSI/app/index.php(13): CWebApplication->run()
REQUEST_URI=/SIKBMSI/app/index.php
in /var/www/html/SIKBMSI/app/protected/controllers/SiteController.php (32)
in /var/www/html/SIKBMSI/app/index.php (13)
2015/08/28 20:38:16 [error] [php] require(/var/www/html/SIKBMSI/app/themes/abound/views/site/index.php): failed to open stream: Permission denied (/var/www/html/SIKBMSI/yii/framework/web/CBaseController.php:126)
Stack trace:
#0 /var/www/html/SIKBMSI/yii/framework/web/CController.php(869): SiteController->renderFile()
#1 /var/www/html/SIKBMSI/yii/framework/web/CController.php(782): SiteController->renderPartial()
#2 /var/www/html/SIKBMSI/app/protected/controllers/SiteController.php(32): SiteController->render()
#3 /var/www/html/SIKBMSI/yii/framework/web/actions/CInlineAction.php(49): SiteController->actionIndex()
#4 /var/www/html/SIKBMSI/yii/framework/web/CController.php(308): CInlineAction->runWithParams()
#5 /var/www/html/SIKBMSI/yii/framework/web/CController.php(286): SiteController->runAction()
#6 /var/www/html/SIKBMSI/yii/framework/web/CController.php(265): SiteController->runActionWithFilters()
#7 /var/www/html/SIKBMSI/yii/framework/web/CWebApplication.php(282): SiteController->run()
#8 /var/www/html/SIKBMSI/yii/framework/web/CWebApplication.php(141): CWebApplication->runController()
#9 /var/www/html/SIKBMSI/yii/framework/base/CApplication.php(184): CWebApplication->processRequest()
#10 /var/www/html/SIKBMSI/app/index.php(13): CWebApplication->run()
REQUEST_URI=/SIKBMSI/app/index.php
in /var/www/html/SIKBMSI/app/protected/controllers/SiteController.php (32)
in /var/www/html/SIKBMSI/app/index.php (13)
